finals/schwartzj1-Final/src/Android/Lynkr/app/build/intermediates/manifest_merge_blame_file/release/manifest-merger-blame-release-report.txt
1<?xml version="1.0" encoding="utf-8"?>
2<manifest xmlns:android="http://schemas.android.com/apk/res/android"
3    package="com.jtschwartz.lynkr"
4    android:versionCode="1"
5    android:versionName="1.0" >
6
7    <uses-sdk
8        android:minSdkVersion="23"
8-->src\main\AndroidManifest.xml
9        android:targetSdkVersion="29" />
9-->src\main\AndroidManifest.xml
10
11    <uses-permission android:name="android.permission.BLUETOOTH" />
11-->src\main\AndroidManifest.xml:5:2-65
11-->src\main\AndroidManifest.xml:5:19-62
12    <uses-permission android:name="android.permission.BLUETOOTH_ADMIN" />
12-->src\main\AndroidManifest.xml:6:2-71
12-->src\main\AndroidManifest.xml:6:19-68
13
14    <application
14-->src\main\AndroidManifest.xml:8:2-42:16
15        android:allowBackup="true"
15-->src\main\AndroidManifest.xml:9:3-29
16        android:appComponentFactory="androidx.core.app.CoreComponentFactory"
16-->[androidx.core:core:1.1.0] AndroidManifest.xml:24:18-86
17        android:fullBackupContent="true"
17-->src\main\AndroidManifest.xml:10:3-35
18        android:icon="@mipmap/chain_logo"
18-->src\main\AndroidManifest.xml:11:3-36
19        android:label="@string/app_name"
19-->src\main\AndroidManifest.xml:12:3-35
20        android:roundIcon="@mipmap/chain_logo"
20-->src\main\AndroidManifest.xml:13:3-41
21        android:supportsRtl="true"
21-->src\main\AndroidManifest.xml:14:3-29
22        android:theme="@style/AppTheme" >
22-->src\main\AndroidManifest.xml:15:3-34
23        <meta-data
23-->src\main\AndroidManifest.xml:16:3-18:38
24            android:name="com.google.android.actions"
24-->src\main\AndroidManifest.xml:17:4-45
25            android:resource="@xml/actions" />
25-->src\main\AndroidManifest.xml:18:4-35
26
27        <activity
27-->src\main\AndroidManifest.xml:20:3-34:14
28            android:name="com.jtschwartz.lynkr.MainActivity"
28-->src\main\AndroidManifest.xml:21:4-32
29            android:screenOrientation="portrait" >
29-->src\main\AndroidManifest.xml:22:4-40
30            <intent-filter>
30-->src\main\AndroidManifest.xml:23:4-33:20
31                <action android:name="android.intent.action.VIEW" />
31-->src\main\AndroidManifest.xml:24:5-57
31-->src\main\AndroidManifest.xml:24:13-54
32
33                <category android:name="android.intent.category.BROWSABLE" />
33-->src\main\AndroidManifest.xml:25:5-66
33-->src\main\AndroidManifest.xml:25:15-63
34
35                <action android:name="android.intent.action.MAIN" />
35-->src\main\AndroidManifest.xml:26:5-57
35-->src\main\AndroidManifest.xml:26:13-54
36
37                <category android:name="android.intent.category.VOICE" />
37-->src\main\AndroidManifest.xml:27:5-62
37-->src\main\AndroidManifest.xml:27:15-59
38                <category android:name="android.intent.category.LAUNCHER" />
38-->src\main\AndroidManifest.xml:28:5-65
38-->src\main\AndroidManifest.xml:28:15-62
39
40                <data
40-->src\main\AndroidManifest.xml:30:5-32:31
41                    android:host="action.lynkr.com"
41-->src\main\AndroidManifest.xml:31:6-37
42                    android:scheme="https" />
42-->src\main\AndroidManifest.xml:32:6-28
43            </intent-filter>
44        </activity>
45        <activity
45-->src\main\AndroidManifest.xml:35:3-41:14
46            android:name="com.jtschwartz.lynkr.SettingsActivity"
46-->src\main\AndroidManifest.xml:36:4-36
47            android:screenOrientation="portrait" >
47-->src\main\AndroidManifest.xml:37:4-40
48            <meta-data
48-->src\main\AndroidManifest.xml:38:4-40:37
49                android:name="android.support.PARENT_ACTIVITY"
49-->src\main\AndroidManifest.xml:39:5-51
50                android:value=".MainActivity" />
50-->src\main\AndroidManifest.xml:40:5-34
51        </activity>
52    </application>
53
54</manifest>